******************************************************
 Dependency warning - for the CLI to run correctly,      
 it is highly recommended to install/upgrade the following:     

 Please install your Cordova CLI to version  >=4.2.0 `npm install -g cordova`

******************************************************

Running 'serve:before' gulp task before serve
[13:55:53] Starting 'sass'...
[13:55:54] Finished 'sass' after 676 ms
[13:55:54] Starting 'default'...
[13:55:54] Finished 'default' after 10 μs
[13:55:54] Starting 'serve:before'...
[13:55:54] Finished 'serve:before' after 15 μs

Proxy added: /pos => https://stage-new.rcredits.org/pos
Watching: www/**/*, !www/lib/**/*
√ Running dev server:  http://localhost:8100
Ionic server commands, enter:
  restart or r to restart the client app from the root
  goto or g and a url to have the app navigate to the given url
  consolelogs or c to enable/disable console log output
  serverlogs or s to enable/disable server log output
  quit or q to shutdown the server and exit

ionic $ Caught exception:
 Error: EPERM: operation not permitted, read
    at Error (native) 

Mind letting us know? https://github.com/driftyco/ionic-cli/issues

